WARNING: A terminally deprecated method in sun.misc.Unsafe has been called
WARNING: sun.misc.Unsafe::staticFieldBase has been called by com.google.inject.internal.aop.HiddenClassDefiner (file:/C:/Users/35666/.m2/wrapper/dists/apache-maven-3.9.11-bin/6mqf5t809d9geo83kj4ttckcbc/apache-maven-3.9.11/lib/guice-5.1.0-classes.jar)
WARNING: Please consider reporting this to the maintainers of class com.google.inject.internal.aop.HiddenClassDefiner
WARNING: sun.misc.Unsafe::staticFieldBase will be removed in a future release
[INFO] Scanning for projects...
[INFO] 
[INFO] -------------------------< com.N1etZsch3:Novi >-------------------------
[INFO] Building Novi 0.0.1-SNAPSHOT
[INFO]   from pom.xml
[INFO] --------------------------------[ jar ]---------------------------------
[INFO] 
[INFO] --- resources:3.3.1:resources (default-resources) @ Novi ---
[INFO] Copying 1 resource from src\main\resources to target\classes
[INFO] Copying 10 resources from src\main\resources to target\classes
[INFO] 
[INFO] --- compiler:3.14.1:compile (default-compile) @ Novi ---
[INFO] Nothing to compile - all classes are up to date.
[INFO] 
[INFO] --- resources:3.3.1:testResources (default-testResources) @ Novi ---
[INFO] Copying 2 resources from src\test\resources to target\test-classes
[INFO] 
[INFO] --- compiler:3.14.1:testCompile (default-testCompile) @ Novi ---
[INFO] Nothing to compile - all classes are up to date.
[INFO] 
[INFO] --- surefire:3.5.4:test (default-test) @ Novi ---
[INFO] Using auto detected provider org.apache.maven.surefire.junitplatform.JUnitPlatformProvider
[INFO] 
[INFO] -------------------------------------------------------
[INFO]  T E S T S
[INFO] -------------------------------------------------------
[INFO] Running com.n1etzsch3.novi.service.QuestionGenerationServiceImplTest
Mockito is currently self-attaching to enable the inline-mock-maker. This will no longer work in future releases of the JDK. Please add Mockito as an agent to your build as described in Mockito's documentation: https://javadoc.io/doc/org.mockito/mockito-core/latest/org.mockito/org/mockito/Mockito.html#0.3
WARNING: A Java agent has been loaded dynamically (C:\Users\35666\.m2\repository\net\bytebuddy\byte-buddy-agent\1.17.8\byte-buddy-agent-1.17.8.jar)
WARNING: If a serviceability tool is in use, please run with -XX:+EnableDynamicAgentLoading to hide this warning
WARNING: If a serviceability tool is not in use, please run with -Djdk.instrument.traceUsage for more information
WARNING: Dynamic loading of agents will be disallowed by default in a future release
OpenJDK 64-Bit Server VM warning: Sharing is only supported for boot loader classes because bootstrap classpath has been appended
17:19:19.101 [main] INFO com.n1etzsch3.novi.service.impl.QuestionGenerationServiceImpl -- Starting question generation for user: 1, subject: Test Subject
17:19:19.115 [main] INFO com.n1etzsch3.novi.service.impl.QuestionGenerationServiceImpl -- Generated prompt: Test Prompt
17:19:19.116 [main] INFO com.n1etzsch3.novi.service.impl.QuestionGenerationServiceImpl -- AI Response: [{"content":"Question 1"}]
17:19:19.117 [main] INFO com.n1etzsch3.novi.service.impl.QuestionGenerationServiceImpl -- Saved question generation record with ID: 1
17:19:19.136 [main] INFO com.n1etzsch3.novi.service.impl.QuestionGenerationServiceImpl -- Starting question generation for user: 1, subject: Test Subject
17:19:19.136 [main] INFO com.n1etzsch3.novi.service.impl.QuestionGenerationServiceImpl -- Generated prompt: Test Prompt
17:19:19.136 [main] INFO com.n1etzsch3.novi.service.impl.QuestionGenerationServiceImpl -- AI Response: Here is the result:
```json
[{"content":"Question 1"}]
```
Hope it helps!
17:19:19.137 [main] INFO com.n1etzsch3.novi.service.impl.QuestionGenerationServiceImpl -- Saved question generation record with ID: 1
[ERROR] Tests run: 3, Failures: 0, Errors: 1, Skipped: 0, Time elapsed: 1.229 s <<< FAILURE! -- in com.n1etzsch3.novi.service.QuestionGenerationServiceImplTest
[ERROR] com.n1etzsch3.novi.service.QuestionGenerationServiceImplTest.getGenerationHistory_Success -- Time elapsed: 1.143 s <<< ERROR!
java.lang.Error: 
Unresolved compilation problem: 
	The type QuestionGenerationServiceImpl must implement the inherited abstract method QuestionGenerationService.getGenerationHistory(Long)

	at com.n1etzsch3.novi.service.impl.QuestionGenerationServiceImpl.getGenerationHistory(QuestionGenerationServiceImpl.java:37)
	at com.n1etzsch3.novi.service.QuestionGenerationServiceImplTest.getGenerationHistory_Success(QuestionGenerationServiceImplTest.java:148)
	at java.base/java.lang.reflect.Method.invoke(Method.java:565)
	at java.base/java.util.ArrayList.forEach(ArrayList.java:1604)
	at java.base/java.util.ArrayList.forEach(ArrayList.java:1604)

[INFO] 
[INFO] Results:
[INFO] 
[ERROR] Errors: 
[ERROR]   QuestionGenerationServiceImplTest.getGenerationHistory_Success:148 ?  Unresolved compilation problem: 
	The type QuestionGenerationServiceImpl must implement the inherited abstract method QuestionGenerationService.getGenerationHistory(Long)

[INFO] 
[ERROR] Tests run: 3, Failures: 0, Errors: 1, Skipped: 0
[INFO] 
[INFO] ------------------------------------------------------------------------
[INFO] BUILD FAILURE
[INFO] ------------------------------------------------------------------------
[INFO] Total time:  3.533 s
[INFO] Finished at: 2025-11-29T17:19:19+08:00
[INFO] ------------------------------------------------------------------------
[ERROR] Failed to execute goal org.apache.maven.plugins:maven-surefire-plugin:3.5.4:test (default-test) on project Novi: 
[ERROR] 
[ERROR] See C:\Study\Novi\target\surefire-reports for the individual test results.
[ERROR] See dump files (if any exist) [date].dump, [date]-jvmRun[N].dump and [date].dumpstream.
[ERROR] -> [Help 1]
[ERROR] 
[ERROR] To see the full stack trace of the errors, re-run Maven with the -e switch.
[ERROR] Re-run Maven using the -X switch to enable full debug logging.
[ERROR] 
[ERROR] For more information about the errors and possible solutions, please read the following articles:
[ERROR] [Help 1] http://cwiki.apache.org/confluence/display/MAVEN/MojoFailureException
